\BOOKMARK [1][-]{section.1}{Introduction}{}% 1
\BOOKMARK [2][-]{subsection.1.1}{Contexte}{section.1}% 2
\BOOKMARK [3][-]{subsubsection.1.1.1}{Le cadre}{subsection.1.1}% 3
\BOOKMARK [3][-]{subsubsection.1.1.2}{Etat de l'art \(SOTA\)}{subsection.1.1}% 4
\BOOKMARK [3][-]{subsubsection.1.1.3}{Domaines d'applications}{subsection.1.1}% 5
\BOOKMARK [2][-]{subsection.1.2}{Objectifs}{section.1}% 6
\BOOKMARK [3][-]{subsubsection.1.2.1}{Objectifs sp\351cifiques et listes de t\342ches}{subsection.1.2}% 7
\BOOKMARK [1][-]{section.2}{Manipulation 1 "Mesurer la vitesse de propagation du son dans des barreaux solides par m\351thode de r\351sonance en mode continu."}{}% 8
\BOOKMARK [2][-]{subsection.2.1}{Approches / M\351thodes}{section.2}% 9
\BOOKMARK [3][-]{subsubsection.2.1.1}{Les Rappels Th\351oriques}{subsection.2.1}% 10
\BOOKMARK [3][-]{subsubsection.2.1.2}{Protocole exp\351rimental}{subsection.2.1}% 11
\BOOKMARK [1][-]{section.3}{Manipulation 2 "La vitesse de propagation du son dans des barreaux solides d'au moins 3 mat\351riaux diff\351rents."}{}% 12
\BOOKMARK [2][-]{subsection.3.1}{Approches / M\351thodes}{section.3}% 13
\BOOKMARK [2][-]{subsection.3.2}{Les Rappels Th\351oriques}{section.3}% 14
\BOOKMARK [3][-]{subsubsection.3.2.1}{Introduction}{subsection.3.2}% 15
\BOOKMARK [3][-]{subsubsection.3.2.2}{Equations physiques}{subsection.3.2}% 16
\BOOKMARK [3][-]{subsubsection.3.2.3}{Liste des param\350tres}{subsection.3.2}% 17
\BOOKMARK [3][-]{subsubsection.3.2.4}{Calculs d'incertitudes}{subsection.3.2}% 18
\BOOKMARK [2][-]{subsection.3.3}{Protocole exp\351rimental}{section.3}% 19
\BOOKMARK [3][-]{subsubsection.3.3.1}{Pr\351sentation du montage}{subsection.3.3}% 20
\BOOKMARK [3][-]{subsubsection.3.3.2}{Liste du mat\351riel}{subsection.3.3}% 21
\BOOKMARK [3][-]{subsubsection.3.3.3}{M\351thode de mesure}{subsection.3.3}% 22
\BOOKMARK [1][-]{section.4}{Manipulation 3 "D\351terminer exp\351rimentalement le module de Young d'au moins 3 mat\351riaux."}{}% 23
\BOOKMARK [2][-]{subsection.4.1}{Approches / M\351thodes}{section.4}% 24
\BOOKMARK [2][-]{subsection.4.2}{Les Rappels Th\351oriques}{section.4}% 25
\BOOKMARK [3][-]{subsubsection.4.2.1}{Introduction}{subsection.4.2}% 26
\BOOKMARK [3][-]{subsubsection.4.2.2}{Equations physiques}{subsection.4.2}% 27
\BOOKMARK [3][-]{subsubsection.4.2.3}{Liste des param\350tres}{subsection.4.2}% 28
\BOOKMARK [3][-]{subsubsection.4.2.4}{Calculs d'incertitudes}{subsection.4.2}% 29
\BOOKMARK [2][-]{subsection.4.3}{Protocole exp\351rimental}{section.4}% 30
\BOOKMARK [3][-]{subsubsection.4.3.1}{Pr\351sentation du montage}{subsection.4.3}% 31
\BOOKMARK [3][-]{subsubsection.4.3.2}{Liste du mat\351riel}{subsection.4.3}% 32
\BOOKMARK [3][-]{subsubsection.4.3.3}{M\351thode de mesure}{subsection.4.3}% 33
\BOOKMARK [1][-]{section.5}{Manipulation 4 "D\351terminer exp\351rimentalement l'\351volution du module de Young en fonction de la longueur des barreaux pour au moins un mat\351riau."}{}% 34
\BOOKMARK [2][-]{subsection.5.1}{Approches / M\351thodes}{section.5}% 35
\BOOKMARK [2][-]{subsection.5.2}{Les Rappels Th\351oriques}{section.5}% 36
\BOOKMARK [3][-]{subsubsection.5.2.1}{Introduction}{subsection.5.2}% 37
\BOOKMARK [3][-]{subsubsection.5.2.2}{Equations physiques}{subsection.5.2}% 38
\BOOKMARK [3][-]{subsubsection.5.2.3}{Liste des param\350tres}{subsection.5.2}% 39
\BOOKMARK [3][-]{subsubsection.5.2.4}{Calculs d'incertitudes}{subsection.5.2}% 40
\BOOKMARK [2][-]{subsection.5.3}{Protocole exp\351rimental}{section.5}% 41
\BOOKMARK [3][-]{subsubsection.5.3.1}{Pr\351sentation du montage}{subsection.5.3}% 42
\BOOKMARK [3][-]{subsubsection.5.3.2}{Liste du mat\351riel}{subsection.5.3}% 43
\BOOKMARK [3][-]{subsubsection.5.3.3}{M\351thode de mesure}{subsection.5.3}% 44
\BOOKMARK [1][-]{section.6}{Manipulation 5 "D\351terminer exp\351rimentalement l'\351volution du module de Young en fonction de la temp\351rature pour au moins un mat\351riau."}{}% 45
\BOOKMARK [2][-]{subsection.6.1}{Approches / M\351thodes}{section.6}% 46
\BOOKMARK [2][-]{subsection.6.2}{Les Rappels Th\351oriques}{section.6}% 47
\BOOKMARK [3][-]{subsubsection.6.2.1}{Introduction}{subsection.6.2}% 48
\BOOKMARK [3][-]{subsubsection.6.2.2}{Equations physiques}{subsection.6.2}% 49
\BOOKMARK [3][-]{subsubsection.6.2.3}{Liste des param\350tres}{subsection.6.2}% 50
\BOOKMARK [3][-]{subsubsection.6.2.4}{Calculs d'incertitudes}{subsection.6.2}% 51
\BOOKMARK [2][-]{subsection.6.3}{Protocole exp\351rimental}{section.6}% 52
\BOOKMARK [3][-]{subsubsection.6.3.1}{Pr\351sentation du montage}{subsection.6.3}% 53
\BOOKMARK [3][-]{subsubsection.6.3.2}{Liste du mat\351riel}{subsection.6.3}% 54
\BOOKMARK [3][-]{subsubsection.6.3.3}{M\351thode de mesure}{subsection.6.3}% 55
\BOOKMARK [1][-]{table.caption.4}{Bibliographie}{}% 56
